#
# A fatal error has been detected by the Java Runtime Environment:
#
#  EXCEPTION_ACCESS_VIOLATION (0xc0000005) at pc=0x00007fff3188229c, pid=20012, tid=2448
#
# JRE version: Java(TM) SE Runtime Environment (11.0.2+9) (build 11.0.2+9-LTS)
# Java VM: Java HotSpot(TM) 64-Bit Server VM (11.0.2+9-LTS, mixed mode, tiered, compressed oops, g1 gc, windows-amd64)
# Problematic frame:
# V  [jvm.dll+0x34229c]
#
# No core dump will be written. Minidumps are not enabled by default on client versions of Windows
#
# If you would like to submit a bug report, please visit:
#   http://bugreport.java.com/bugreport/crash.jsp
#

---------------  S U M M A R Y ------------

Command Line: -agentlib:jdwp=transport=dt_socket,suspend=y,address=localhost:63700 -javaagent:C:\Users\aaron\eclipse\java-photon\eclipse\configuration\org.eclipse.osgi\237\0\.cp\lib\javaagent-shaded.jar -Dfile.encoding=Cp1252 tester/FibListTester test26.txt test27.txt test28.txt test29.txt test30.txt

Host: Intel(R) Core(TM) i7-8550U CPU @ 1.80GHz, 8 cores, 15G,  Windows 10 , 64 bit Build 18362 (10.0.18362.1082)
Time: Thu Oct  1 23:47:35 2020 Eastern Daylight Time elapsed time: 342 seconds (0d 0h 5m 42s)

---------------  T H R E A D  ---------------

Current thread (0x0000024d40061000):  VMThread "VM Thread" [stack: 0x000000e682100000,0x000000e682200000] [id=2448]

Stack: [0x000000e682100000,0x000000e682200000],  sp=0x000000e6821ff260,  free space=1020k
Native frames: (J=compiled Java code, j=interpreted, Vv=VM code, C=native code)
V  [jvm.dll+0x34229c]
V  [jvm.dll+0x3447f5]
V  [jvm.dll+0x34509e]
V  [jvm.dll+0x34253c]
V  [jvm.dll+0x3417e2]
V  [jvm.dll+0x624a05]
V  [jvm.dll+0x62478d]
V  [jvm.dll+0x5ea49a]
V  [jvm.dll+0x5022c7]
V  [jvm.dll+0x77b2cc]
V  [jvm.dll+0x779787]
V  [jvm.dll+0x779fb0]
V  [jvm.dll+0x77a2bf]
V  [jvm.dll+0x6347f2]
C  [ucrtbase.dll+0x20e82]
C  [KERNEL32.DLL+0x17bd4]
C  [ntdll.dll+0x6ce51]


siginfo: EXCEPTION_ACCESS_VIOLATION (0xc0000005), reading address 0x0000000000000006


Register to memory mapping:

RIP=0x00007fff3188229c jvm.dll
RAX=0x0 is NULL
RBX=0x000000e6821ff4e0 points into unknown readable memory: 48 1b e0 31 ff 7f 00 00
RCX=0x0 is NULL
RDX=0x00000000000040dc is an unknown value
RSP=0x000000e6821ff260 points into unknown readable memory: b0 f2 1f 82 e6 00 00 00
RBP=0x0 is NULL
RSI=0x0 is NULL
RDI=0x00007fff31f95f88 jvm.dll
R8 =0x0 is NULL
R9 =0x0000024d40870538 is pointing into metadata
R10=0x00007fff31540000 jvm.dll
R11=0x0000024d4001d840 points into unknown readable memory: 00 00 00 47 01 00 00 47
R12=0x0000024d4001d608 points into unknown readable memory: 00 7c f1 2b 12 00 00 00
R13=0x0000000000000028 is an unknown value
R14=0x0000024d4087113b is pointing into metadata
R15=0x0000000000000054 is an unknown value


Registers:
RAX=0x0000000000000000, RBX=0x000000e6821ff4e0, RCX=0x0000000000000000, RDX=0x00000000000040dc
RSP=0x000000e6821ff260, RBP=0x0000000000000000, RSI=0x0000000000000000, RDI=0x00007fff31f95f88
R8 =0x0000000000000000, R9 =0x0000024d40870538, R10=0x00007fff31540000, R11=0x0000024d4001d840
R12=0x0000024d4001d608, R13=0x0000000000000028, R14=0x0000024d4087113b, R15=0x0000000000000054
RIP=0x00007fff3188229c, EFLAGS=0x0000000000010206

Top of Stack: (sp=0x000000e6821ff260)
0x000000e6821ff260:   000000e6821ff2b0 000000e6821ff2e8
0x000000e6821ff270:   0000024d4001d810 0000000000000110
0x000000e6821ff280:   000000004fffffff 00007fff31885fa8
0x000000e6821ff290:   0000000046000042 00007fff31886485
0x000000e6821ff2a0:   000061731e0b2266 00007fff31885fc0
0x000000e6821ff2b0:   0000024d4087113b 000000e6821ff340
0x000000e6821ff2c0:   000000e6821ff4e0 00007fff318847f5
0x000000e6821ff2d0:   000000e6821ff4e0 000000000000004b
0x000000e6821ff2e0:   000000e6821ff370 00007fff316660de
0x000000e6821ff2f0:   000000e60000004b 000000e6821ff370
0x000000e6821ff300:   0000000000000054 00000000000000b5
0x000000e6821ff310:   00000000000000b5 00007fff3188509e
0x000000e6821ff320:   000000e6821ff4e0 000000e6821ff370
0x000000e6821ff330:   0000024d4087113b 6666666666666667
0x000000e6821ff340:   0000024d408712d0 0000024d40061000
0x000000e6821ff350:   0000004e0000004b 000000b500000054 

Instructions: (pc=0x00007fff3188229c)
0x00007fff3188227c:   8b cf e8 fd 4f f1 ff 8b d0 48 8b cf e8 23 80 f1
0x00007fff3188228c:   ff 48 63 c8 48 8b 44 cf 40 48 8d 3d ec 3c 71 00
0x00007fff3188229c:   0f b6 48 06 8b 05 de 3c 71 00 80 f9 4c 74 2b 80
0x00007fff318822ac:   f9 5b 74 26 80 f9 4a 74 18 80 f9 44 74 13 80 f9 


Stack slot to memory mapping:
stack at sp + 0 slots: 0x000000e6821ff2b0 points into unknown readable memory: 3b 11 87 40 4d 02 00 00
stack at sp + 1 slots: 0x000000e6821ff2e8 points into unknown readable memory: de 60 66 31 ff 7f 00 00
stack at sp + 2 slots: 0x0000024d4001d810 points into unknown readable memory: 00 d8 01 40 10 01 00 00
stack at sp + 3 slots: 0x0000000000000110 is an unknown value
stack at sp + 4 slots: 0x000000004fffffff is an unknown value
stack at sp + 5 slots: 0x00007fff31885fa8 jvm.dll
stack at sp + 6 slots: 0x0000000046000042 is an unknown value
stack at sp + 7 slots: 0x00007fff31886485 jvm.dll

VM_Operation (0x000000e682bff1d0): GetOrSetLocal, mode: safepoint, requested by thread 0x0000024d40d82800


---------------  P R O C E S S  ---------------

Threads class SMR info:
_java_thread_list=0x0000024d429975c0, length=18, elements={
0x0000024d1a8b8000, 0x0000024d40065000, 0x0000024d4006f000, 0x0000024d4097a800,
0x0000024d4097b800, 0x0000024d40925000, 0x0000024d4092e000, 0x0000024d4097f000,
0x0000024d40aea800, 0x0000024d40d82800, 0x0000024d40c44800, 0x0000024d40c45800,
0x0000024d40e65800, 0x0000024d413d7000, 0x0000024d41199000, 0x0000024d41198000,
0x0000024d411cd000, 0x0000024d4284a800
}

Java Threads: ( => current thread )
  0x0000024d1a8b8000 JavaThread "main" [_thread_blocked, id=16676, stack(0x000000e681b00000,0x000000e681c00000)]
  0x0000024d40065000 JavaThread "Reference Handler" daemon [_thread_blocked, id=15456, stack(0x000000e682200000,0x000000e682300000)]
  0x0000024d4006f000 JavaThread "Finalizer" daemon [_thread_blocked, id=11596, stack(0x000000e682300000,0x000000e682400000)]
  0x0000024d4097a800 JavaThread "Signal Dispatcher" daemon [_thread_blocked, id=9384, stack(0x000000e682400000,0x000000e682500000)]
  0x0000024d4097b800 JavaThread "Attach Listener" daemon [_thread_blocked, id=9532, stack(0x000000e682500000,0x000000e682600000)]
  0x0000024d40925000 JavaThread "C2 CompilerThread0" daemon [_thread_blocked, id=11808, stack(0x000000e682600000,0x000000e682700000)]
  0x0000024d4092e000 JavaThread "C1 CompilerThread0" daemon [_thread_blocked, id=7036, stack(0x000000e682700000,0x000000e682800000)]
  0x0000024d4097f000 JavaThread "Sweeper thread" daemon [_thread_blocked, id=14268, stack(0x000000e682800000,0x000000e682900000)]
  0x0000024d40aea800 JavaThread "Common-Cleaner" daemon [_thread_blocked, id=21308, stack(0x000000e682900000,0x000000e682a00000)]
  0x0000024d40d82800 JavaThread "JDWP Transport Listener: dt_socket" daemon [_thread_blocked, id=10624, stack(0x000000e682b00000,0x000000e682c00000)] _threads_hazard_ptr=0x0000024d429975c0
  0x0000024d40c44800 JavaThread "JDWP Event Helper Thread" daemon [_thread_blocked, id=3124, stack(0x000000e682c00000,0x000000e682d00000)]
  0x0000024d40c45800 JavaThread "JDWP Command Reader" daemon [_thread_in_native, id=1228, stack(0x000000e682d00000,0x000000e682e00000)]
  0x0000024d40e65800 JavaThread "Service Thread" daemon [_thread_blocked, id=6356, stack(0x000000e682e00000,0x000000e682f00000)]
  0x0000024d413d7000 JavaThread "Java2D Disposer" daemon [_thread_blocked, id=8948, stack(0x000000e683000000,0x000000e683100000)]
  0x0000024d41199000 JavaThread "AWT-Windows" daemon [_thread_in_native, id=2464, stack(0x000000e683200000,0x000000e683300000)]
  0x0000024d41198000 JavaThread "AWT-Shutdown" [_thread_blocked, id=13944, stack(0x000000e682a00000,0x000000e682b00000)]
  0x0000024d411cd000 JavaThread "AWT-EventQueue-0" [_thread_blocked, id=6552, stack(0x000000e683100000,0x000000e683200000)]
  0x0000024d4284a800 JavaThread "TimerQueue" daemon [_thread_blocked, id=20924, stack(0x000000e681800000,0x000000e681900000)]

Other Threads:
=>0x0000024d40061000 VMThread "VM Thread" [stack: 0x000000e682100000,0x000000e682200000] [id=2448]
  0x0000024d40d8f800 WatcherThread [stack: 0x000000e682f00000,0x000000e683000000] [id=18156]
  0x0000024d1a8cd800 GCTaskThread "GC Thread#0" [stack: 0x000000e681c00000,0x000000e681d00000] [id=4512]
  0x0000024d431ec000 GCTaskThread "GC Thread#1" [stack: 0x000000e681900000,0x000000e681a00000] [id=17452]
  0x0000024d40be8800 GCTaskThread "GC Thread#2" [stack: 0x000000e681a00000,0x000000e681b00000] [id=628]
  0x0000024d40be9000 GCTaskThread "GC Thread#3" [stack: 0x000000e683500000,0x000000e683600000] [id=10188]
  0x0000024d40bea000 GCTaskThread "GC Thread#4" [stack: 0x000000e683600000,0x000000e683700000] [id=19168]
  0x0000024d40bed000 GCTaskThread "GC Thread#5" [stack: 0x000000e683700000,0x000000e683800000] [id=19132]
  0x0000024d1a92d000 ConcurrentGCThread "G1 Main Marker" [stack: 0x000000e681d00000,0x000000e681e00000] [id=12652]
  0x0000024d1a92f000 ConcurrentGCThread "G1 Conc#0" [stack: 0x000000e681e00000,0x000000e681f00000] [id=18828]
  0x0000024d3ff42000 ConcurrentGCThread "G1 Refine#0" [stack: 0x000000e681f00000,0x000000e682000000] [id=2024]
  0x0000024d3ff43000 ConcurrentGCThread "G1 Young RemSet Sampling" [stack: 0x000000e682000000,0x000000e682100000] [id=11372]

Threads with active compile tasks:

VM state:at safepoint (normal execution)

VM Mutex/Monitor currently owned by a thread:  ([mutex/lock_event])
[0x0000024d1a8b3a90] Threads_lock - owner thread: 0x0000024d40061000

Heap address: 0x0000000702600000, size: 4058 MB, Compressed Oops mode: Zero based, Oop shift amount: 3
Narrow klass base: 0x0000000800000000, Narrow klass shift: 0
Compressed class space size: 1073741824 Address: 0x0000000800000000

Heap:
 garbage-first heap   total 260096K, used 14283K [0x0000000702600000, 0x0000000800000000)
  region size 1024K, 5 young (5120K), 3 survivors (3072K)
 Metaspace       used 20085K, capacity 20572K, committed 20736K, reserved 1067008K
  class space    used 2090K, capacity 2278K, committed 2304K, reserved 1048576K
Heap Regions: E=young(eden), S=young(survivor), O=old, HS=humongous(starts), HC=humongous(continues), CS=collection set, F=free, A=archive, TAMS=top-at-mark-start (previous, next)
|   0|0x0000000702600000, 0x0000000702700000, 0x0000000702700000|100%|HS|  |TAMS 0x0000000702600000, 0x0000000702600000| Complete 
|   1|0x0000000702700000, 0x0000000702800000, 0x0000000702800000|100%|HC|  |TAMS 0x0000000702700000, 0x0000000702700000| Complete 
|   2|0x0000000702800000, 0x0000000702900000, 0x0000000702900000|100%|HC|  |TAMS 0x0000000702800000, 0x0000000702800000| Complete 
|   3|0x0000000702900000, 0x0000000702a00000, 0x0000000702a00000|100%|HC|  |TAMS 0x0000000702900000, 0x0000000702900000| Complete 
|   4|0x0000000702a00000, 0x0000000702b00000, 0x0000000702b00000|100%|HC|  |TAMS 0x0000000702a00000, 0x0000000702a00000| Complete 
|   5|0x0000000702b00000, 0x0000000702c00000, 0x0000000702c00000|100%|HS|  |TAMS 0x0000000702b00000, 0x0000000702b00000| Complete 
|   6|0x0000000702c00000, 0x0000000702d00000, 0x0000000702d00000|100%|HC|  |TAMS 0x0000000702c00000, 0x0000000702c00000| Complete 
|   7|0x0000000702d00000, 0x0000000702e00000, 0x0000000702e00000|100%|HC|  |TAMS 0x0000000702d00000, 0x0000000702d00000| Complete 
|   8|0x0000000702e00000, 0x0000000702f00000, 0x0000000702f00000|100%|HC|  |TAMS 0x0000000702e00000, 0x0000000702e00000| Complete 
|   9|0x0000000702f00000, 0x0000000702ff2e00, 0x0000000703000000| 94%| O|  |TAMS 0x0000000702f00000, 0x0000000702f00000| Untracked 
|  10|0x0000000703000000, 0x0000000703000000, 0x0000000703100000|  0%| F|  |TAMS 0x0000000703000000, 0x0000000703000000| Untracked 
|  11|0x0000000703100000, 0x0000000703100000, 0x0000000703200000|  0%| F|  |TAMS 0x0000000703100000, 0x0000000703100000| Untracked 
|  12|0x0000000703200000, 0x0000000703200000, 0x0000000703300000|  0%| F|  |TAMS 0x0000000703200000, 0x0000000703200000| Untracked 
|  13|0x0000000703300000, 0x0000000703300000, 0x0000000703400000|  0%| F|  |TAMS 0x0000000703300000, 0x0000000703300000| Untracked 
|  14|0x0000000703400000, 0x0000000703400000, 0x0000000703500000|  0%| F|  |TAMS 0x0000000703400000, 0x0000000703400000| Untracked 
|  15|0x0000000703500000, 0x0000000703500000, 0x0000000703600000|  0%| F|  |TAMS 0x0000000703500000, 0x0000000703500000| Untracked 
|  16|0x0000000703600000, 0x0000000703600000, 0x0000000703700000|  0%| F|  |TAMS 0x0000000703600000, 0x0000000703600000| Untracked 
|  17|0x0000000703700000, 0x0000000703700000, 0x0000000703800000|  0%| F|  |TAMS 0x0000000703700000, 0x0000000703700000| Untracked 
|  18|0x0000000703800000, 0x0000000703800000, 0x0000000703900000|  0%| F|  |TAMS 0x0000000703800000, 0x0000000703800000| Untracked 
|  19|0x0000000703900000, 0x0000000703900000, 0x0000000703a00000|  0%| F|  |TAMS 0x0000000703900000, 0x0000000703900000| Untracked 
|  20|0x0000000703a00000, 0x0000000703a00000, 0x0000000703b00000|  0%| F|  |TAMS 0x0000000703a00000, 0x0000000703a00000| Untracked 
|  21|0x0000000703b00000, 0x0000000703b00000, 0x0000000703c00000|  0%| F|  |TAMS 0x0000000703b00000, 0x0000000703b00000| Untracked 
|  22|0x0000000703c00000, 0x0000000703c00000, 0x0000000703d00000|  0%| F|  |TAMS 0x0000000703c00000, 0x0000000703c00000| Untracked 
|  23|0x0000000703d00000, 0x0000000703d00000, 0x0000000703e00000|  0%| F|  |TAMS 0x0000000703d00000, 0x0000000703d00000| Untracked 
|  24|0x0000000703e00000, 0x0000000703e00000, 0x0000000703f00000|  0%| F|  |TAMS 0x0000000703e00000, 0x0000000703e00000| Untracked 
|  25|0x0000000703f00000, 0x0000000703f00000, 0x0000000704000000|  0%| F|  |TAMS 0x0000000703f00000, 0x0000000703f00000| Untracked 
|  26|0x0000000704000000, 0x0000000704000000, 0x0000000704100000|  0%| F|  |TAMS 0x0000000704000000, 0x0000000704000000| Untracked 
|  27|0x0000000704100000, 0x0000000704100000, 0x0000000704200000|  0%| F|  |TAMS 0x0000000704100000, 0x0000000704100000| Untracked 
|  28|0x0000000704200000, 0x0000000704200000, 0x0000000704300000|  0%| F|  |TAMS 0x0000000704200000, 0x0000000704200000| Untracked 
|  29|0x0000000704300000, 0x0000000704300000, 0x0000000704400000|  0%| F|  |TAMS 0x0000000704300000, 0x0000000704300000| Untracked 
|  30|0x0000000704400000, 0x0000000704400000, 0x0000000704500000|  0%| F|  |TAMS 0x0000000704400000, 0x0000000704400000| Untracked 
|  31|0x0000000704500000, 0x0000000704500000, 0x0000000704600000|  0%| F|  |TAMS 0x0000000704500000, 0x0000000704500000| Untracked 
|  32|0x0000000704600000, 0x0000000704600000, 0x0000000704700000|  0%| F|  |TAMS 0x0000000704600000, 0x0000000704600000| Untracked 
|  33|0x0000000704700000, 0x0000000704700000, 0x0000000704800000|  0%| F|  |TAMS 0x0000000704700000, 0x0000000704700000| Untracked 
|  34|0x0000000704800000, 0x0000000704800000, 0x0000000704900000|  0%| F|  |TAMS 0x0000000704800000, 0x0000000704800000| Untracked 
|  35|0x0000000704900000, 0x0000000704900000, 0x0000000704a00000|  0%| F|  |TAMS 0x0000000704900000, 0x0000000704900000| Untracked 
|  36|0x0000000704a00000, 0x0000000704a00000, 0x0000000704b00000|  0%| F|  |TAMS 0x0000000704a00000, 0x0000000704a00000| Untracked 
|  37|0x0000000704b00000, 0x0000000704b00000, 0x0000000704c00000|  0%| F|  |TAMS 0x0000000704b00000, 0x0000000704b00000| Untracked 
|  38|0x0000000704c00000, 0x0000000704c00000, 0x0000000704d00000|  0%| F|  |TAMS 0x0000000704c00000, 0x0000000704c00000| Untracked 
|  39|0x0000000704d00000, 0x0000000704d00000, 0x0000000704e00000|  0%| F|  |TAMS 0x0000000704d00000, 0x0000000704d00000| Untracked 
|  40|0x0000000704e00000, 0x0000000704e00000, 0x0000000704f00000|  0%| F|  |TAMS 0x0000000704e00000, 0x0000000704e00000| Untracked 
|  41|0x0000000704f00000, 0x0000000704f00000, 0x0000000705000000|  0%| F|  |TAMS 0x0000000704f00000, 0x0000000704f00000| Untracked 
|  42|0x0000000705000000, 0x0000000705000000, 0x0000000705100000|  0%| F|  |TAMS 0x0000000705000000, 0x0000000705000000| Untracked 
|  43|0x0000000705100000, 0x0000000705100000, 0x0000000705200000|  0%| F|  |TAMS 0x0000000705100000, 0x0000000705100000| Untracked 
|  44|0x0000000705200000, 0x0000000705200000, 0x0000000705300000|  0%| F|  |TAMS 0x0000000705200000, 0x0000000705200000| Untracked 
|  45|0x0000000705300000, 0x0000000705300000, 0x0000000705400000|  0%| F|  |TAMS 0x0000000705300000, 0x0000000705300000| Untracked 
|  46|0x0000000705400000, 0x0000000705400000, 0x0000000705500000|  0%| F|  |TAMS 0x0000000705400000, 0x0000000705400000| Untracked 
|  47|0x0000000705500000, 0x0000000705500000, 0x0000000705600000|  0%| F|  |TAMS 0x0000000705500000, 0x0000000705500000| Untracked 
|  48|0x0000000705600000, 0x0000000705600000, 0x0000000705700000|  0%| F|  |TAMS 0x0000000705600000, 0x0000000705600000| Untracked 
|  49|0x0000000705700000, 0x0000000705700000, 0x0000000705800000|  0%| F|  |TAMS 0x0000000705700000, 0x0000000705700000| Untracked 
|  50|0x0000000705800000, 0x0000000705800000, 0x0000000705900000|  0%| F|  |TAMS 0x0000000705800000, 0x0000000705800000| Untracked 
|  51|0x0000000705900000, 0x0000000705900000, 0x0000000705a00000|  0%| F|  |TAMS 0x0000000705900000, 0x0000000705900000| Untracked 
|  52|0x0000000705a00000, 0x0000000705a00000, 0x0000000705b00000|  0%| F|  |TAMS 0x0000000705a00000, 0x0000000705a00000| Untracked 
|  53|0x0000000705b00000, 0x0000000705b00000, 0x0000000705c00000|  0%| F|  |TAMS 0x0000000705b00000, 0x0000000705b00000| Untracked 
|  54|0x0000000705c00000, 0x0000000705c00000, 0x0000000705d00000|  0%| F|  |TAMS 0x0000000705c00000, 0x0000000705c00000| Untracked 
|  55|0x0000000705d00000, 0x0000000705d00000, 0x0000000705e00000|  0%| F|  |TAMS 0x0000000705d00000, 0x0000000705d00000| Untracked 
|  56|0x0000000705e00000, 0x0000000705e00000, 0x0000000705f00000|  0%| F|  |TAMS 0x0000000705e00000, 0x0000000705e00000| Untracked 
|  57|0x0000000705f00000, 0x0000000705f00000, 0x0000000706000000|  0%| F|  |TAMS 0x0000000705f00000, 0x0000000705f00000| Untracked 
|  58|0x0000000706000000, 0x0000000706000000, 0x0000000706100000|  0%| F|  |TAMS 0x0000000706000000, 0x0000000706000000| Untracked 
|  59|0x0000000706100000, 0x0000000706100000, 0x0000000706200000|  0%| F|  |TAMS 0x0000000706100000, 0x0000000706100000| Untracked 
|  60|0x0000000706200000, 0x0000000706200000, 0x0000000706300000|  0%| F|  |TAMS 0x0000000706200000, 0x0000000706200000| Untracked 
|  61|0x0000000706300000, 0x0000000706300000, 0x0000000706400000|  0%| F|  |TAMS 0x0000000706300000, 0x0000000706300000| Untracked 
|  62|0x0000000706400000, 0x0000000706400000, 0x0000000706500000|  0%| F|  |TAMS 0x0000000706400000, 0x0000000706400000| Untracked 
|  63|0x0000000706500000, 0x0000000706500000, 0x0000000706600000|  0%| F|  |TAMS 0x0000000706500000, 0x0000000706500000| Untracked 
|  64|0x0000000706600000, 0x0000000706600000, 0x0000000706700000|  0%| F|  |TAMS 0x0000000706600000, 0x0000000706600000| Untracked 
|  65|0x0000000706700000, 0x0000000706700000, 0x0000000706800000|  0%| F|  |TAMS 0x0000000706700000, 0x0000000706700000| Untracked 
|  66|0x0000000706800000, 0x0000000706800000, 0x0000000706900000|  0%| F|  |TAMS 0x0000000706800000, 0x0000000706800000| Untracked 
|  67|0x0000000706900000, 0x0000000706900000, 0x0000000706a00000|  0%| F|  |TAMS 0x0000000706900000, 0x0000000706900000| Untracked 
|  68|0x0000000706a00000, 0x0000000706a00000, 0x0000000706b00000|  0%| F|  |TAMS 0x0000000706a00000, 0x0000000706a00000| Untracked 
|  69|0x0000000706b00000, 0x0000000706b00000, 0x0000000706c00000|  0%| F|  |TAMS 0x0000000706b00000, 0x0000000706b00000| Untracked 
|  70|0x0000000706c00000, 0x0000000706c00000, 0x0000000706d00000|  0%| F|  |TAMS 0x0000000706c00000, 0x0000000706c00000| Untracked 
|  71|0x0000000706d00000, 0x0000000706d00000, 0x0000000706e00000|  0%| F|  |TAMS 0x0000000706d00000, 0x0000000706d00000| Untracked 
|  72|0x0000000706e00000, 0x0000000706e00000, 0x0000000706f00000|  0%| F|  |TAMS 0x0000000706e00000, 0x0000000706e00000| Untracked 
|  73|0x0000000706f00000, 0x0000000706f00000, 0x0000000707000000|  0%| F|  |TAMS 0x0000000706f00000, 0x0000000706f00000| Untracked 
|  74|0x0000000707000000, 0x0000000707000000, 0x0000000707100000|  0%| F|  |TAMS 0x0000000707000000, 0x0000000707000000| Untracked 
|  75|0x0000000707100000, 0x0000000707100000, 0x0000000707200000|  0%| F|  |TAMS 0x0000000707100000, 0x0000000707100000| Untracked 
|  76|0x0000000707200000, 0x0000000707200000, 0x0000000707300000|  0%| F|  |TAMS 0x0000000707200000, 0x0000000707200000| Untracked 
|  77|0x0000000707300000, 0x0000000707300000, 0x0000000707400000|  0%| F|  |TAMS 0x0000000707300000, 0x0000000707300000| Untracked 
|  78|0x0000000707400000, 0x0000000707400000, 0x0000000707500000|  0%| F|  |TAMS 0x0000000707400000, 0x0000000707400000| Untracked 
|  79|0x0000000707500000, 0x0000000707500000, 0x0000000707600000|  0%| F|  |TAMS 0x0000000707500000, 0x0000000707500000| Untracked 
|  80|0x0000000707600000, 0x0000000707600000, 0x0000000707700000|  0%| F|  |TAMS 0x0000000707600000, 0x0000000707600000| Untracked 
|  81|0x0000000707700000, 0x0000000707700000, 0x0000000707800000|  0%| F|  |TAMS 0x0000000707700000, 0x0000000707700000| Untracked 
|  82|0x0000000707800000, 0x0000000707800000, 0x0000000707900000|  0%| F|  |TAMS 0x0000000707800000, 0x0000000707800000| Untracked 
|  83|0x0000000707900000, 0x0000000707900000, 0x0000000707a00000|  0%| F|  |TAMS 0x0000000707900000, 0x0000000707900000| Untracked 
|  84|0x0000000707a00000, 0x0000000707a00000, 0x0000000707b00000|  0%| F|  |TAMS 0x0000000707a00000, 0x0000000707a00000| Untracked 
|  85|0x0000000707b00000, 0x0000000707b00000, 0x0000000707c00000|  0%| F|  |TAMS 0x0000000707b00000, 0x0000000707b00000| Untracked 
|  86|0x0000000707c00000, 0x0000000707c00000, 0x0000000707d00000|  0%| F|  |TAMS 0x0000000707c00000, 0x0000000707c00000| Untracked 
|  87|0x0000000707d00000, 0x0000000707d00000, 0x0000000707e00000|  0%| F|  |TAMS 0x0000000707d00000, 0x0000000707d00000| Untracked 
|  88|0x0000000707e00000, 0x0000000707e00000, 0x0000000707f00000|  0%| F|  |TAMS 0x0000000707e00000, 0x0000000707e00000| Untracked 
|  89|0x0000000707f00000, 0x0000000707f00000, 0x0000000708000000|  0%| F|  |TAMS 0x0000000707f00000, 0x0000000707f00000| Untracked 
|  90|0x0000000708000000, 0x0000000708000000, 0x0000000708100000|  0%| F|  |TAMS 0x0000000708000000, 0x0000000708000000| Untracked 
|  91|0x0000000708100000, 0x0000000708100000, 0x0000000708200000|  0%| F|  |TAMS 0x0000000708100000, 0x0000000708100000| Untracked 
|  92|0x0000000708200000, 0x0000000708200000, 0x0000000708300000|  0%| F|  |TAMS 0x0000000708200000, 0x0000000708200000| Untracked 
|  93|0x0000000708300000, 0x0000000708300000, 0x0000000708400000|  0%| F|  |TAMS 0x0000000708300000, 0x0000000708300000| Untracked 
|  94|0x0000000708400000, 0x0000000708400000, 0x0000000708500000|  0%| F|  |TAMS 0x0000000708400000, 0x0000000708400000| Untracked 
|  95|0x0000000708500000, 0x0000000708500000, 0x0000000708600000|  0%| F|  |TAMS 0x0000000708500000, 0x0000000708500000| Untracked 
|  96|0x0000000708600000, 0x0000000708600000, 0x0000000708700000|  0%| F|  |TAMS 0x0000000708600000, 0x0000000708600000| Untracked 
|  97|0x0000000708700000, 0x0000000708700000, 0x0000000708800000|  0%| F|  |TAMS 0x0000000708700000, 0x0000000708700000| Untracked 
|  98|0x0000000708800000, 0x0000000708800000, 0x0000000708900000|  0%| F|  |TAMS 0x0000000708800000, 0x0000000708800000| Untracked 
|  99|0x0000000708900000, 0x0000000708900000, 0x0000000708a00000|  0%| F|  |TAMS 0x0000000708900000, 0x0000000708900000| Untracked 
| 100|0x0000000708a00000, 0x0000000708a00000, 0x0000000708b00000|  0%| F|  |TAMS 0x0000000708a00000, 0x0000000708a00000| Untracked 
| 101|0x0000000708b00000, 0x0000000708b00000, 0x0000000708c00000|  0%| F|  |TAMS 0x0000000708b00000, 0x0000000708b00000| Untracked 
| 102|0x0000000708c00000, 0x0000000708c00000, 0x0000000708d00000|  0%| F|  |TAMS 0x0000000708c00000, 0x0000000708c00000| Untracked 
| 103|0x0000000708d00000, 0x0000000708d00000, 0x0000000708e00000|  0%| F|  |TAMS 0x0000000708d00000, 0x0000000708d00000| Untracked 
| 104|0x0000000708e00000, 0x0000000708e00000, 0x0000000708f00000|  0%| F|  |TAMS 0x0000000708e00000, 0x0000000708e00000| Untracked 
| 105|0x0000000708f00000, 0x0000000708f00000, 0x0000000709000000|  0%| F|  |TAMS 0x0000000708f00000, 0x0000000708f00000| Untracked 
| 106|0x0000000709000000, 0x0000000709000000, 0x0000000709100000|  0%| F|  |TAMS 0x0000000709000000, 0x0000000709000000| Untracked 
| 107|0x0000000709100000, 0x0000000709100000, 0x0000000709200000|  0%| F|  |TAMS 0x0000000709100000, 0x0000000709100000| Untracked 
| 108|0x0000000709200000, 0x0000000709200000, 0x0000000709300000|  0%| F|  |TAMS 0x0000000709200000, 0x0000000709200000| Untracked 
| 109|0x0000000709300000, 0x0000000709300000, 0x0000000709400000|  0%| F|  |TAMS 0x0000000709300000, 0x0000000709300000| Untracked 
| 110|0x0000000709400000, 0x0000000709400000, 0x0000000709500000|  0%| F|  |TAMS 0x0000000709400000, 0x0000000709400000| Untracked 
| 111|0x0000000709500000, 0x0000000709500000, 0x0000000709600000|  0%| F|  |TAMS 0x0000000709500000, 0x0000000709500000| Untracked 
| 112|0x0000000709600000, 0x0000000709600000, 0x0000000709700000|  0%| F|  |TAMS 0x0000000709600000, 0x0000000709600000| Untracked 
| 113|0x0000000709700000, 0x0000000709700000, 0x0000000709800000|  0%| F|  |TAMS 0x0000000709700000, 0x0000000709700000| Untracked 
| 114|0x0000000709800000, 0x0000000709800000, 0x0000000709900000|  0%| F|  |TAMS 0x0000000709800000, 0x0000000709800000| Untracked 
| 115|0x0000000709900000, 0x0000000709900000, 0x0000000709a00000|  0%| F|  |TAMS 0x0000000709900000, 0x0000000709900000| Untracked 
| 116|0x0000000709a00000, 0x0000000709a00000, 0x0000000709b00000|  0%| F|  |TAMS 0x0000000709a00000, 0x0000000709a00000| Untracked 
| 117|0x0000000709b00000, 0x0000000709b00000, 0x0000000709c00000|  0%| F|  |TAMS 0x0000000709b00000, 0x0000000709b00000| Untracked 
| 118|0x0000000709c00000, 0x0000000709c00000, 0x0000000709d00000|  0%| F|  |TAMS 0x0000000709c00000, 0x0000000709c00000| Untracked 
| 119|0x0000000709d00000, 0x0000000709d00000, 0x0000000709e00000|  0%| F|  |TAMS 0x0000000709d00000, 0x0000000709d00000| Untracked 
| 120|0x0000000709e00000, 0x0000000709e00000, 0x0000000709f00000|  0%| F|  |TAMS 0x0000000709e00000, 0x0000000709e00000| Untracked 
| 121|0x0000000709f00000, 0x0000000709f00000, 0x000000070a000000|  0%| F|  |TAMS 0x0000000709f00000, 0x0000000709f00000| Untracked 
| 122|0x000000070a000000, 0x000000070a000000, 0x000000070a100000|  0%| F|  |TAMS 0x000000070a000000, 0x000000070a000000| Untracked 
| 123|0x000000070a100000, 0x000000070a100000, 0x000000070a200000|  0%| F|  |TAMS 0x000000070a100000, 0x000000070a100000| Untracked 
| 124|0x000000070a200000, 0x000000070a200000, 0x000000070a300000|  0%| F|  |TAMS 0x000000070a200000, 0x000000070a200000| Untracked 
| 125|0x000000070a300000, 0x000000070a300000, 0x000000070a400000|  0%| F|  |TAMS 0x000000070a300000, 0x000000070a300000| Untracked 
| 126|0x000000070a400000, 0x000000070a400000, 0x000000070a500000|  0%| F|  |TAMS 0x000000070a400000, 0x000000070a400000| Untracked 
| 127|0x000000070a500000, 0x000000070a500000, 0x000000070a600000|  0%| F|  |TAMS 0x000000070a500000, 0x000000070a500000| Untracked 
| 128|0x000000070a600000, 0x000000070a600000, 0x000000070a700000|  0%| F|  |TAMS 0x000000070a600000, 0x000000070a600000| Untracked 
| 129|0x000000070a700000, 0x000000070a700000, 0x000000070a800000|  0%| F|  |TAMS 0x000000070a700000, 0x000000070a700000| Untracked 
| 130|0x000000070a800000, 0x000000070a800000, 0x000000070a900000|  0%| F|  |TAMS 0x000000070a800000, 0x000000070a800000| Untracked 
| 131|0x000000070a900000, 0x000000070a900000, 0x000000070aa00000|  0%| F|  |TAMS 0x000000070a900000, 0x000000070a900000| Untracked 
| 132|0x000000070aa00000, 0x000000070aa00000, 0x000000070ab00000|  0%| F|  |TAMS 0x000000070aa00000, 0x000000070aa00000| Untracked 
| 133|0x000000070ab00000, 0x000000070ab00000, 0x000000070ac00000|  0%| F|  |TAMS 0x000000070ab00000, 0x000000070ab00000| Untracked 
| 134|0x000000070ac00000, 0x000000070ac00000, 0x000000070ad00000|  0%| F|  |TAMS 0x000000070ac00000, 0x000000070ac00000| Untracked 
| 135|0x000000070ad00000, 0x000000070ad00000, 0x000000070ae00000|  0%| F|  |TAMS 0x000000070ad00000, 0x000000070ad00000| Untracked 
| 136|0x000000070ae00000, 0x000000070ae00000, 0x000000070af00000|  0%| F|  |TAMS 0x000000070ae00000, 0x000000070ae00000| Untracked 
| 137|0x000000070af00000, 0x000000070af00000, 0x000000070b000000|  0%| F|  |TAMS 0x000000070af00000, 0x000000070af00000| Untracked 
| 138|0x000000070b000000, 0x000000070b000000, 0x000000070b100000|  0%| F|  |TAMS 0x000000070b000000, 0x000000070b000000| Untracked 
| 139|0x000000070b100000, 0x000000070b100000, 0x000000070b200000|  0%| F|  |TAMS 0x000000070b100000, 0x000000070b100000| Untracked 
| 140|0x000000070b200000, 0x000000070b200000, 0x000000070b300000|  0%| F|  |TAMS 0x000000070b200000, 0x000000070b200000| Untracked 
| 141|0x000000070b300000, 0x000000070b300000, 0x000000070b400000|  0%| F|  |TAMS 0x000000070b300000, 0x000000070b300000| Untracked 
| 142|0x000000070b400000, 0x000000070b400000, 0x000000070b500000|  0%| F|  |TAMS 0x000000070b400000, 0x000000070b400000| Untracked 
| 143|0x000000070b500000, 0x000000070b500000, 0x000000070b600000|  0%| F|  |TAMS 0x000000070b500000, 0x000000070b500000| Untracked 
| 144|0x000000070b600000, 0x000000070b600000, 0x000000070b700000|  0%| F|  |TAMS 0x000000070b600000, 0x000000070b600000| Untracked 
| 145|0x000000070b700000, 0x000000070b700000, 0x000000070b800000|  0%| F|  |TAMS 0x000000070b700000, 0x000000070b700000| Untracked 
| 146|0x000000070b800000, 0x000000070b800000, 0x000000070b900000|  0%| F|  |TAMS 0x000000070b800000, 0x000000070b800000| Untracked 
| 147|0x000000070b900000, 0x000000070b900000, 0x000000070ba00000|  0%| F|  |TAMS 0x000000070b900000, 0x000000070b900000| Untracked 
| 148|0x000000070ba00000, 0x000000070ba00000, 0x000000070bb00000|  0%| F|  |TAMS 0x000000070ba00000, 0x000000070ba00000| Untracked 
| 149|0x000000070bb00000, 0x000000070bb00000, 0x000000070bc00000|  0%| F|  |TAMS 0x000000070bb00000, 0x000000070bb00000| Untracked 
| 150|0x000000070bc00000, 0x000000070bc00000, 0x000000070bd00000|  0%| F|  |TAMS 0x000000070bc00000, 0x000000070bc00000| Untracked 
| 151|0x000000070bd00000, 0x000000070bd00000, 0x000000070be00000|  0%| F|  |TAMS 0x000000070bd00000, 0x000000070bd00000| Untracked 
| 152|0x000000070be00000, 0x000000070be00000, 0x000000070bf00000|  0%| F|  |TAMS 0x000000070be00000, 0x000000070be00000| Untracked 
| 153|0x000000070bf00000, 0x000000070bf00000, 0x000000070c000000|  0%| F|  |TAMS 0x000000070bf00000, 0x000000070bf00000| Untracked 
| 154|0x000000070c000000, 0x000000070c000000, 0x000000070c100000|  0%| F|  |TAMS 0x000000070c000000, 0x000000070c000000| Untracked 
| 155|0x000000070c100000, 0x000000070c100000, 0x000000070c200000|  0%| F|  |TAMS 0x000000070c100000, 0x000000070c100000| Untracked 
| 156|0x000000070c200000, 0x000000070c200000, 0x000000070c300000|  0%| F|  |TAMS 0x000000070c200000, 0x000000070c200000| Untracked 
| 157|0x000000070c300000, 0x000000070c300000, 0x000000070c400000|  0%| F|  |TAMS 0x000000070c300000, 0x000000070c300000| Untracked 
| 158|0x000000070c400000, 0x000000070c400000, 0x000000070c500000|  0%| F|  |TAMS 0x000000070c400000, 0x000000070c400000| Untracked 
| 159|0x000000070c500000, 0x000000070c500000, 0x000000070c600000|  0%| F|  |TAMS 0x000000070c500000, 0x000000070c500000| Untracked 
| 160|0x000000070c600000, 0x000000070c600000, 0x000000070c700000|  0%| F|  |TAMS 0x000000070c600000, 0x000000070c600000| Untracked 
| 161|0x000000070c700000, 0x000000070c700000, 0x000000070c800000|  0%| F|  |TAMS 0x000000070c700000, 0x000000070c700000| Untracked 
| 162|0x000000070c800000, 0x000000070c800000, 0x000000070c900000|  0%| F|  |TAMS 0x000000070c800000, 0x000000070c800000| Untracked 
| 163|0x000000070c900000, 0x000000070c900000, 0x000000070ca00000|  0%| F|  |TAMS 0x000000070c900000, 0x000000070c900000| Untracked 
| 164|0x000000070ca00000, 0x000000070ca00000, 0x000000070cb00000|  0%| F|  |TAMS 0x000000070ca00000, 0x000000070ca00000| Untracked 
| 165|0x000000070cb00000, 0x000000070cb00000, 0x000000070cc00000|  0%| F|  |TAMS 0x000000070cb00000, 0x000000070cb00000| Untracked 
| 166|0x000000070cc00000, 0x000000070cc00000, 0x000000070cd00000|  0%| F|  |TAMS 0x000000070cc00000, 0x000000070cc00000| Untracked 
| 167|0x000000070cd00000, 0x000000070cd00000, 0x000000070ce00000|  0%| F|  |TAMS 0x000000070cd00000, 0x000000070cd00000| Untracked 
| 168|0x000000070ce00000, 0x000000070ce00000, 0x000000070cf00000|  0%| F|  |TAMS 0x000000070ce00000, 0x000000070ce00000| Untracked 
| 169|0x000000070cf00000, 0x000000070cf00000, 0x000000070d000000|  0%| F|  |TAMS 0x000000070cf00000, 0x000000070cf00000| Untracked 
| 170|0x000000070d000000, 0x000000070d000000, 0x000000070d100000|  0%| F|  |TAMS 0x000000070d000000, 0x000000070d000000| Untracked 
| 171|0x000000070d100000, 0x000000070d100000, 0x000000070d200000|  0%| F|  |TAMS 0x000000070d100000, 0x000000070d100000| Untracked 
| 172|0x000000070d200000, 0x000000070d200000, 0x000000070d300000|  0%| F|  |TAMS 0x000000070d200000, 0x000000070d200000| Untracked 
| 173|0x000000070d300000, 0x000000070d300000, 0x000000070d400000|  0%| F|  |TAMS 0x000000070d300000, 0x000000070d300000| Untracked 
| 174|0x000000070d400000, 0x000000070d400000, 0x000000070d500000|  0%| F|  |TAMS 0x000000070d400000, 0x000000070d400000| Untracked 
| 175|0x000000070d500000, 0x000000070d500000, 0x000000070d600000|  0%| F|  |TAMS 0x000000070d500000, 0x000000070d500000| Untracked 
| 176|0x000000070d600000, 0x000000070d600000, 0x000000070d700000|  0%| F|  |TAMS 0x000000070d600000, 0x000000070d600000| Untracked 
| 177|0x000000070d700000, 0x000000070d700000, 0x000000070d800000|  0%| F|  |TAMS 0x000000070d700000, 0x000000070d700000| Untracked 
| 178|0x000000070d800000, 0x000000070d800000, 0x000000070d900000|  0%| F|  |TAMS 0x000000070d800000, 0x000000070d800000| Untracked 
| 179|0x000000070d900000, 0x000000070d900000, 0x000000070da00000|  0%| F|  |TAMS 0x000000070d900000, 0x000000070d900000| Untracked 
| 180|0x000000070da00000, 0x000000070da00000, 0x000000070db00000|  0%| F|  |TAMS 0x000000070da00000, 0x000000070da00000| Untracked 
| 181|0x000000070db00000, 0x000000070db00000, 0x000000070dc00000|  0%| F|  |TAMS 0x000000070db00000, 0x000000070db00000| Untracked 
| 182|0x000000070dc00000, 0x000000070dc00000, 0x000000070dd00000|  0%| F|  |TAMS 0x000000070dc00000, 0x000000070dc00000| Untracked 
| 183|0x000000070dd00000, 0x000000070dd00000, 0x000000070de00000|  0%| F|  |TAMS 0x000000070dd00000, 0x000000070dd00000| Untracked 
| 184|0x000000070de00000, 0x000000070de00000, 0x000000070df00000|  0%| F|  |TAMS 0x000000070de00000, 0x000000070de00000| Untracked 
| 185|0x000000070df00000, 0x000000070df00000, 0x000000070e000000|  0%| F|  |TAMS 0x000000070df00000, 0x000000070df00000| Untracked 
| 186|0x000000070e000000, 0x000000070e000000, 0x000000070e100000|  0%| F|  |TAMS 0x000000070e000000, 0x000000070e000000| Untracked 
| 187|0x000000070e100000, 0x000000070e100000, 0x000000070e200000|  0%| F|  |TAMS 0x000000070e100000, 0x000000070e100000| Untracked 
| 188|0x000000070e200000, 0x000000070e200000, 0x000000070e300000|  0%| F|  |TAMS 0x000000070e200000, 0x000000070e200000| Untracked 
| 189|0x000000070e300000, 0x000000070e300000, 0x000000070e400000|  0%| F|  |TAMS 0x000000070e300000, 0x000000070e300000| Untracked 
| 190|0x000000070e400000, 0x000000070e400000, 0x000000070e500000|  0%| F|  |TAMS 0x000000070e400000, 0x000000070e400000| Untracked 
| 191|0x000000070e500000, 0x000000070e500000, 0x000000070e600000|  0%| F|  |TAMS 0x000000070e500000, 0x000000070e500000| Untracked 
| 192|0x000000070e600000, 0x000000070e600000, 0x000000070e700000|  0%| F|  |TAMS 0x000000070e600000, 0x000000070e600000| Untracked 
| 193|0x000000070e700000, 0x000000070e700000, 0x000000070e800000|  0%| F|  |TAMS 0x000000070e700000, 0x000000070e700000| Untracked 
| 194|0x000000070e800000, 0x000000070e800000, 0x000000070e900000|  0%| F|  |TAMS 0x000000070e800000, 0x000000070e800000| Untracked 
| 195|0x000000070e900000, 0x000000070e900000, 0x000000070ea00000|  0%| F|  |TAMS 0x000000070e900000, 0x000000070e900000| Untracked 
| 196|0x000000070ea00000, 0x000000070ea00000, 0x000000070eb00000|  0%| F|  |TAMS 0x000000070ea00000, 0x000000070ea00000| Untracked 
| 197|0x000000070eb00000, 0x000000070eb00000, 0x000000070ec00000|  0%| F|  |TAMS 0x000000070eb00000, 0x000000070eb00000| Untracked 
| 198|0x000000070ec00000, 0x000000070ec00000, 0x000000070ed00000|  0%| F|  |TAMS 0x000000070ec00000, 0x000000070ec00000| Untracked 
| 199|0x000000070ed00000, 0x000000070ed00000, 0x000000070ee00000|  0%| F|  |TAMS 0x000000070ed00000, 0x000000070ed00000| Untracked 
| 200|0x000000070ee00000, 0x000000070ee00000, 0x000000070ef00000|  0%| F|  |TAMS 0x000000070ee00000, 0x000000070ee00000| Untracked 
| 201|0x000000070ef00000, 0x000000070ef00000, 0x000000070f000000|  0%| F|  |TAMS 0x000000070ef00000, 0x000000070ef00000| Untracked 
| 202|0x000000070f000000, 0x000000070f000000, 0x000000070f100000|  0%| F|  |TAMS 0x000000070f000000, 0x000000070f000000| Untracked 
| 203|0x000000070f100000, 0x000000070f100000, 0x000000070f200000|  0%| F|  |TAMS 0x000000070f100000, 0x000000070f100000| Untracked 
| 204|0x000000070f200000, 0x000000070f200000, 0x000000070f300000|  0%| F|  |TAMS 0x000000070f200000, 0x000000070f200000| Untracked 
| 205|0x000000070f300000, 0x000000070f300000, 0x000000070f400000|  0%| F|  |TAMS 0x000000070f300000, 0x000000070f300000| Untracked 
| 206|0x000000070f400000, 0x000000070f400000, 0x000000070f500000|  0%| F|  |TAMS 0x000000070f400000, 0x000000070f400000| Untracked 
| 207|0x000000070f500000, 0x000000070f500000, 0x000000070f600000|  0%| F|  |TAMS 0x000000070f500000, 0x000000070f500000| Untracked 
| 208|0x000000070f600000, 0x000000070f600000, 0x000000070f700000|  0%| F|  |TAMS 0x000000070f600000, 0x000000070f600000| Untracked 
| 209|0x000000070f700000, 0x000000070f700000, 0x000000070f800000|  0%| F|  |TAMS 0x000000070f700000, 0x000000070f700000| Untracked 
| 210|0x000000070f800000, 0x000000070f800000, 0x000000070f900000|  0%| F|  |TAMS 0x000000070f800000, 0x000000070f800000| Untracked 
| 211|0x000000070f900000, 0x000000070f900000, 0x000000070fa00000|  0%| F|  |TAMS 0x000000070f900000, 0x000000070f900000| Untracked 
| 212|0x000000070fa00000, 0x000000070fa00000, 0x000000070fb00000|  0%| F|  |TAMS 0x000000070fa00000, 0x000000070fa00000| Untracked 
| 213|0x000000070fb00000, 0x000000070fb00000, 0x000000070fc00000|  0%| F|  |TAMS 0x000000070fb00000, 0x000000070fb00000| Untracked 
| 214|0x000000070fc00000, 0x000000070fc00000, 0x000000070fd00000|  0%| F|  |TAMS 0x000000070fc00000, 0x000000070fc00000| Untracked 
| 215|0x000000070fd00000, 0x000000070fd00000, 0x000000070fe00000|  0%| F|  |TAMS 0x000000070fd00000, 0x000000070fd00000| Untracked 
| 216|0x000000070fe00000, 0x000000070fe00000, 0x000000070ff00000|  0%| F|  |TAMS 0x000000070fe00000, 0x000000070fe00000| Untracked 
| 217|0x000000070ff00000, 0x000000070ff00000, 0x0000000710000000|  0%| F|  |TAMS 0x000000070ff00000, 0x000000070ff00000| Untracked 
| 218|0x0000000710000000, 0x0000000710000000, 0x0000000710100000|  0%| F|  |TAMS 0x0000000710000000, 0x0000000710000000| Untracked 
| 219|0x0000000710100000, 0x0000000710100000, 0x0000000710200000|  0%| F|  |TAMS 0x0000000710100000, 0x0000000710100000| Untracked 
| 220|0x0000000710200000, 0x0000000710200000, 0x0000000710300000|  0%| F|  |TAMS 0x0000000710200000, 0x0000000710200000| Untracked 
| 221|0x0000000710300000, 0x0000000710300000, 0x0000000710400000|  0%| F|  |TAMS 0x0000000710300000, 0x0000000710300000| Untracked 
| 222|0x0000000710400000, 0x0000000710400000, 0x0000000710500000|  0%| F|  |TAMS 0x0000000710400000, 0x0000000710400000| Untracked 
| 223|0x0000000710500000, 0x0000000710500000, 0x0000000710600000|  0%| F|  |TAMS 0x0000000710500000, 0x0000000710500000| Untracked 
| 224|0x0000000710600000, 0x0000000710600000, 0x0000000710700000|  0%| F|  |TAMS 0x0000000710600000, 0x0000000710600000| Untracked 
| 225|0x0000000710700000, 0x0000000710700000, 0x0000000710800000|  0%| F|  |TAMS 0x0000000710700000, 0x0000000710700000| Untracked 
| 226|0x0000000710800000, 0x0000000710800000, 0x0000000710900000|  0%| F|  |TAMS 0x0000000710800000, 0x0000000710800000| Untracked 
| 227|0x0000000710900000, 0x0000000710a00000, 0x0000000710a00000|100%| S|CS|TAMS 0x0000000710900000, 0x0000000710900000| Complete 
| 228|0x0000000710a00000, 0x0000000710b00000, 0x0000000710b00000|100%| S|CS|TAMS 0x0000000710a00000, 0x0000000710a00000| Complete 
| 229|0x0000000710b00000, 0x0000000710c00000, 0x0000000710c00000|100%| S|CS|TAMS 0x0000000710b00000, 0x0000000710b00000| Complete 
| 230|0x0000000710c00000, 0x0000000710c00000, 0x0000000710d00000|  0%| F|  |TAMS 0x0000000710c00000, 0x0000000710c00000| Untracked 
| 231|0x0000000710d00000, 0x0000000710d00000, 0x0000000710e00000|  0%| F|  |TAMS 0x0000000710d00000, 0x0000000710d00000| Untracked 
| 232|0x0000000710e00000, 0x0000000710e00000, 0x0000000710f00000|  0%| F|  |TAMS 0x0000000710e00000, 0x0000000710e00000| Untracked 
| 233|0x0000000710f00000, 0x0000000710f00000, 0x0000000711000000|  0%| F|  |TAMS 0x0000000710f00000, 0x0000000710f00000| Untracked 
| 234|0x0000000711000000, 0x0000000711000000, 0x0000000711100000|  0%| F|  |TAMS 0x0000000711000000, 0x0000000711000000| Untracked 
| 235|0x0000000711100000, 0x0000000711100000, 0x0000000711200000|  0%| F|  |TAMS 0x0000000711100000, 0x0000000711100000| Untracked 
| 236|0x0000000711200000, 0x0000000711200000, 0x0000000711300000|  0%| F|  |TAMS 0x0000000711200000, 0x0000000711200000| Untracked 
| 237|0x0000000711300000, 0x0000000711300000, 0x0000000711400000|  0%| F|  |TAMS 0x0000000711300000, 0x0000000711300000| Untracked 
| 238|0x0000000711400000, 0x0000000711400000, 0x0000000711500000|  0%| F|  |TAMS 0x0000000711400000, 0x0000000711400000| Untracked 
| 239|0x0000000711500000, 0x0000000711500000, 0x0000000711600000|  0%| F|  |TAMS 0x0000000711500000, 0x0000000711500000| Untracked 
| 240|0x0000000711600000, 0x0000000711600000, 0x0000000711700000|  0%| F|  |TAMS 0x0000000711600000, 0x0000000711600000| Untracked 
| 241|0x0000000711700000, 0x0000000711700000, 0x0000000711800000|  0%| F|  |TAMS 0x0000000711700000, 0x0000000711700000| Untracked 
| 242|0x0000000711800000, 0x0000000711800000, 0x0000000711900000|  0%| F|  |TAMS 0x0000000711800000, 0x0000000711800000| Untracked 
| 243|0x0000000711900000, 0x0000000711900000, 0x0000000711a00000|  0%| F|  |TAMS 0x0000000711900000, 0x0000000711900000| Untracked 
| 244|0x0000000711a00000, 0x0000000711a00000, 0x0000000711b00000|  0%| F|  |TAMS 0x0000000711a00000, 0x0000000711a00000| Untracked 
| 245|0x0000000711b00000, 0x0000000711b00000, 0x0000000711c00000|  0%| F|  |TAMS 0x0000000711b00000, 0x0000000711b00000| Untracked 
| 246|0x0000000711c00000, 0x0000000711c00000, 0x0000000711d00000|  0%| F|  |TAMS 0x0000000711c00000, 0x0000000711c00000| Untracked 
| 247|0x0000000711d00000, 0x0000000711d00000, 0x0000000711e00000|  0%| F|  |TAMS 0x0000000711d00000, 0x0000000711d00000| Untracked 
| 248|0x0000000711e00000, 0x0000000711e00000, 0x0000000711f00000|  0%| F|  |TAMS 0x0000000711e00000, 0x0000000711e00000| Untracked 
| 249|0x0000000711f00000, 0x0000000711f00000, 0x0000000712000000|  0%| F|  |TAMS 0x0000000711f00000, 0x0000000711f00000| Untracked 
| 250|0x0000000712000000, 0x0000000712000000, 0x0000000712100000|  0%| F|  |TAMS 0x0000000712000000, 0x0000000712000000| Untracked 
| 251|0x0000000712100000, 0x0000000712100000, 0x0000000712200000|  0%| F|  |TAMS 0x0000000712100000, 0x0000000712100000| Untracked 
| 252|0x0000000712200000, 0x0000000712300000, 0x0000000712300000|100%| E|  |TAMS 0x0000000712200000, 0x0000000712200000| Complete 
| 253|0x0000000712300000, 0x0000000712400000, 0x0000000712400000|100%| E|CS|TAMS 0x0000000712300000, 0x0000000712300000| Complete 

Card table byte_map: [0x0000024d34630000,0x0000024d34e20000] _byte_map_base: 0x0000024d30e1d000

Marking Bits (Prev, Next): (CMBitMap*) 0x0000024d1a91c538, (CMBitMap*) 0x0000024d1a91c570
 Prev Bits: [0x0000024d35610000, 0x0000024d39578000)
 Next Bits: [0x0000024d39580000, 0x0000024d3d4e8000)

Polling page: 0x0000024d1a990000

Metaspace:

Usage:
  Non-class:     17.87 MB capacity,    17.57 MB ( 98%) used,   249.10 KB (  1%) free+waste,    50.81 KB ( <1%) overhead. 
      Class:      2.22 MB capacity,     2.04 MB ( 92%) used,   162.12 KB (  7%) free+waste,    24.94 KB (  1%) overhead. 
       Both:     20.09 MB capacity,    19.61 MB ( 98%) used,   411.22 KB (  2%) free+waste,    75.75 KB ( <1%) overhead. 

Virtual space:
  Non-class space:       18.00 MB reserved,      18.00 MB (100%) committed 
      Class space:        1.00 GB reserved,       2.25 MB ( <1%) committed 
             Both:        1.02 GB reserved,      20.25 MB (  2%) committed 

Chunk freelists:
   Non-Class:  1.25 KB
       Class:  3.25 KB
        Both:  4.50 KB

CodeHeap 'non-profiled nmethods': size=120000Kb used=759Kb max_used=760Kb free=119240Kb
 bounds [0x0000024d2beb0000, 0x0000024d2c120000, 0x0000024d333e0000]
CodeHeap 'profiled nmethods': size=120000Kb used=3596Kb max_used=3907Kb free=116403Kb
 bounds [0x0000024d24980000, 0x0000024d24d60000, 0x0000024d2beb0000]
CodeHeap 'non-nmethods': size=5760Kb used=1327Kb max_used=1374Kb free=4432Kb
 bounds [0x0000024d243e0000, 0x0000024d24650000, 0x0000024d24980000]
 total_blobs=3021 nmethods=1833 adapters=540
 compilation: enabled
              stopped_count=0, restarted_count=0
 full_count=0

Compilation events (10 events):
Event: 224.673 Thread 0x0000024d4092e000 2015       3       java.util.Collections::emptyList (4 bytes)
Event: 224.674 Thread 0x0000024d4092e000 nmethod 2015 0x0000024d24986090 code [0x0000024d24986240, 0x0000024d24986398]
Event: 224.675 Thread 0x0000024d4092e000 2016   !   3       javax.swing.JComponent::paint (409 bytes)
Event: 224.675 Thread 0x0000024d40925000 2019       4       java.lang.Object::equals (11 bytes)
Event: 224.676 Thread 0x0000024d40925000 nmethod 2019 0x0000024d2beb9e10 code [0x0000024d2beb9fa0, 0x0000024d2beba018]
Event: 224.679 Thread 0x0000024d4092e000 nmethod 2016 0x0000024d24a1cf10 code [0x0000024d24a1d360, 0x0000024d24a200a0]
Event: 224.679 Thread 0x0000024d4092e000 2018       3       javax.swing.JComponent::rectangleIsObscured (119 bytes)
Event: 224.680 Thread 0x0000024d4092e000 nmethod 2018 0x0000024d249b5690 code [0x0000024d249b5940, 0x0000024d249b69f0]
Event: 224.680 Thread 0x0000024d4092e000 2017       3       javax.swing.JComponent::getComponentGraphics (63 bytes)
Event: 224.681 Thread 0x0000024d4092e000 nmethod 2017 0x0000024d249b4210 code [0x0000024d249b4480, 0x0000024d249b5250]

GC Heap History (2 events):
Event: 222.473 GC heap before
{Heap before GC invocations=0 (full 0):
 garbage-first heap   total 260096K, used 32768K [0x0000000702600000, 0x0000000800000000)
  region size 1024K, 24 young (24576K), 0 survivors (0K)
 Metaspace       used 20049K, capacity 20444K, committed 20480K, reserved 1067008K
  class space    used 2089K, capacity 2278K, committed 2304K, reserved 1048576K
}
Event: 222.478 GC heap after
{Heap after GC invocations=1 (full 0):
 garbage-first heap   total 260096K, used 13259K [0x0000000702600000, 0x0000000800000000)
  region size 1024K, 3 young (3072K), 3 survivors (3072K)
 Metaspace       used 20049K, capacity 20444K, committed 20480K, reserved 1067008K
  class space    used 2089K, capacity 2278K, committed 2304K, reserved 1048576K
}

Deoptimization events (10 events):
Event: 1.532 Thread 0x0000024d1a8b8000 Uncommon trap: reason=unstable_if action=reinterpret pc=0x0000024d2bf05a98 method=java.util.HashMap.putVal(ILjava/lang/Object;Ljava/lang/Object;ZZ)Ljava/lang/Object; @ 81 c2
Event: 1.627 Thread 0x0000024d1a8b8000 Uncommon trap: reason=unstable_if action=reinterpret pc=0x0000024d2beb8fa4 method=java.lang.String.isLatin1()Z @ 10 c2
Event: 1.629 Thread 0x0000024d1a8b8000 Uncommon trap: reason=unstable_if action=reinterpret pc=0x0000024d2bebb2d4 method=java.lang.String.isLatin1()Z @ 10 c2
Event: 1.629 Thread 0x0000024d1a8b8000 Uncommon trap: reason=unstable_if action=reinterpret pc=0x0000024d2bec2330 method=java.lang.CharacterData.of(I)Ljava/lang/CharacterData; @ 4 c2
Event: 1.718 Thread 0x0000024d1a8b8000 Uncommon trap: reason=bimorphic_or_optimized_type_check action=maybe_recompile pc=0x0000024d2bf0cafc method=java.util.HashMap.getNode(ILjava/lang/Object;)Ljava/util/HashMap$Node; @ 126 c2
Event: 1.718 Thread 0x0000024d1a8b8000 Uncommon trap: reason=bimorphic_or_optimized_type_check action=maybe_recompile pc=0x0000024d2bf0cafc method=java.util.HashMap.getNode(ILjava/lang/Object;)Ljava/util/HashMap$Node; @ 126 c2
Event: 1.718 Thread 0x0000024d1a8b8000 Uncommon trap: reason=bimorphic_or_optimized_type_check action=maybe_recompile pc=0x0000024d2bf0cafc method=java.util.HashMap.getNode(ILjava/lang/Object;)Ljava/util/HashMap$Node; @ 126 c2
Event: 1.718 Thread 0x0000024d1a8b8000 Uncommon trap: reason=bimorphic_or_optimized_type_check action=maybe_recompile pc=0x0000024d2bf0cafc method=java.util.HashMap.getNode(ILjava/lang/Object;)Ljava/util/HashMap$Node; @ 126 c2
Event: 124.738 Thread 0x0000024d411cd000 Uncommon trap: reason=unstable_if action=reinterpret pc=0x0000024d2bf426d0 method=java.awt.Component.inside(II)Z @ 1 c2
Event: 224.673 Thread 0x0000024d411cd000 Uncommon trap: reason=unstable_if action=reinterpret pc=0x0000024d2bf22570 method=java.lang.ref.SoftReference.get()Ljava/lang/Object; @ 17 c2

Classes redefined (4 events):
Event: 23.312 Thread 0x0000024d40061000 redefined class name=student.FibList, count=1
Event: 23.318 Thread 0x0000024d40061000 redefined class name=student.FibList$Row, count=1
Event: 342.307 Thread 0x0000024d40061000 redefined class name=student.FibList, count=2
Event: 342.315 Thread 0x0000024d40061000 redefined class name=student.FibList$Row, count=2

Internal exceptions (10 events):
Event: 0.615 Thread 0x0000024d1a8b8000 Exception <a 'java/lang/NoSuchMethodError'{0x0000000711a12e70}: java.lang.invoke.DirectMethodHandle$Holder.invokeStatic(Ljava/lang/Object;Ljava/lang/Object;Ljava/lang/Object;Ljava/lang/Object;Ljava/lang/Object;Ljava/lang/Object;Ljava/lang/Object;Ljava/lan
Event: 0.626 Thread 0x0000024d1a8b8000 Exception <a 'java/lang/NoSuchMethodError'{0x0000000711a8e5e0}: java.lang.invoke.DirectMethodHandle$Holder.invokeStatic(Ljava/lang/Object;Ljava/lang/Object;Ljava/lang/Object;Ljava/lang/Object;Ljava/lang/Object;Ljava/lang/Object;Ljava/lang/Object;Ljava/lan
Event: 0.627 Thread 0x0000024d1a8b8000 Exception <a 'java/lang/NoSuchMethodError'{0x0000000711a9ad28}: java.lang.invoke.DirectMethodHandle$Holder.invokeStatic(Ljava/lang/Object;Ljava/lang/Object;Ljava/lang/Object;Ljava/lang/Object;Ljava/lang/Object;Ljava/lang/Object;Ljava/lang/Object;Ljava/lan
Event: 0.640 Thread 0x0000024d1a8b8000 Exception <a 'java/lang/ClassNotFoundException'{0x0000000711af6490}: com/sun/java/swing/plaf/windows/resources/spi/windowsProvider> (0x0000000711af6490) thrown at [t:/workspace/open/src/hotspot/share/classfile/systemDictionary.cpp, line 231]
Event: 0.641 Thread 0x0000024d1a8b8000 Exception <a 'java/lang/ClassNotFoundException'{0x0000000711afbd60}: com/sun/swing/internal/plaf/basic/resources/spi/basicProvider> (0x0000000711afbd60) thrown at [t:/workspace/open/src/hotspot/share/classfile/systemDictionary.cpp, line 231]
Event: 0.737 Thread 0x0000024d1a8b8000 Exception <a 'java/lang/NoSuchMethodError'{0x000000071185d2b0}: java.lang.invoke.DirectMethodHandle$Holder.invokeStatic(Ljava/lang/Object;IIII)Ljava/lang/Object;> (0x000000071185d2b0) thrown at [t:/workspace/open/src/hotspot/share/interpreter/linkResolver
Event: 0.737 Thread 0x0000024d1a8b8000 Exception <a 'java/lang/NoSuchMethodError'{0x00000007118603c8}: java.lang.invoke.DirectMethodHandle$Holder.invokeStaticInit(Ljava/lang/Object;IIII)Ljava/lang/Object;> (0x00000007118603c8) thrown at [t:/workspace/open/src/hotspot/share/interpreter/linkReso
Event: 1.510 Thread 0x0000024d1a8b8000 Exception <a 'java/lang/NoSuchMethodError'{0x00000007118ddc08}: java.lang.invoke.DirectMethodHandle$Holder.invokeStatic(Ljava/lang/Object;Ljava/lang/Object;IIII)Ljava/lang/Object;> (0x00000007118ddc08) thrown at [t:/workspace/open/src/hotspot/share/interp
Event: 1.510 Thread 0x0000024d1a8b8000 Exception <a 'java/lang/NoSuchMethodError'{0x00000007118e0f50}: java.lang.invoke.DirectMethodHandle$Holder.invokeStaticInit(Ljava/lang/Object;Ljava/lang/Object;IIII)Ljava/lang/Object;> (0x00000007118e0f50) thrown at [t:/workspace/open/src/hotspot/share/in
Event: 1.767 Thread 0x0000024d1a8b8000 Exception <a 'java/lang/NoSuchMethodError'{0x000000071109f9d8}: java.lang.invoke.Invokers$Holder.linkToTargetMethod(Ljava/lang/Object;ILjava/lang/Object;)Ljava/lang/Object;> (0x000000071109f9d8) thrown at [t:/workspace/open/src/hotspot/share/interpreter/l

Events (10 events):
Event: 342.357 Executing VM operation: GetStackTrace done
Event: 342.486 Executing VM operation: GetFrameCount
Event: 342.486 Executing VM operation: GetFrameCount done
Event: 342.486 Executing VM operation: GetOwnedMonitorInfo
Event: 342.486 Executing VM operation: GetOwnedMonitorInfo done
Event: 342.487 Executing VM operation: GetCurrentContendedMonitor
Event: 342.487 Executing VM operation: GetCurrentContendedMonitor done
Event: 342.494 Executing VM operation: GetFrameLocation
Event: 342.494 Executing VM operation: GetFrameLocation done
Event: 342.494 Executing VM operation: GetOrSetLocal


Dynamic libraries:
0x00007ff763540000 - 0x00007ff763587000 	C:\Program Files\Java\jdk-11.0.2\bin\javaw.exe
0x00007fff91c80000 - 0x00007fff91e70000 	C:\WINDOWS\SYSTEM32\ntdll.dll
0x00007fff91210000 - 0x00007fff912c2000 	C:\WINDOWS\System32\KERNEL32.DLL
0x00007fff8ed20000 - 0x00007fff8efc5000 	C:\WINDOWS\System32\KERNELBASE.dll
0x00007fff90210000 - 0x00007fff902b3000 	C:\WINDOWS\System32\ADVAPI32.dll
0x00007fff90480000 - 0x00007fff9051e000 	C:\WINDOWS\System32\msvcrt.dll
0x00007fff919d0000 - 0x00007fff91a67000 	C:\WINDOWS\System32\sechost.dll
0x00007fff90080000 - 0x00007fff901a0000 	C:\WINDOWS\System32\RPCRT4.dll
0x00007fff91aa0000 - 0x00007fff91c35000 	C:\WINDOWS\System32\USER32.dll
0x00007fff8ec40000 - 0x00007fff8ec61000 	C:\WINDOWS\System32\win32u.dll
0x00007fff91a70000 - 0x00007fff91a96000 	C:\WINDOWS\System32\GDI32.dll
0x00007fff8f250000 - 0x00007fff8f3e6000 	C:\WINDOWS\System32\gdi32full.dll
0x00007fff8efd0000 - 0x00007fff8f06e000 	C:\WINDOWS\System32\msvcp_win.dll
0x00007fff8f070000 - 0x00007fff8f16a000 	C:\WINDOWS\System32\ucrtbase.dll
0x00007fff773f0000 - 0x00007fff77674000 	C:\WINDOWS\WinSxS\amd64_microsoft.windows.common-controls_6595b64144ccf1df_6.0.18362.1082_none_9e8193e1e45b25c1\COMCTL32.dll
0x00007fff80930000 - 0x00007fff8093a000 	C:\WINDOWS\SYSTEM32\VERSION.dll
0x00007fff8fd40000 - 0x00007fff90075000 	C:\WINDOWS\System32\combase.dll
0x00007fff8f170000 - 0x00007fff8f1f0000 	C:\WINDOWS\System32\bcryptPrimitives.dll
0x00007fff90450000 - 0x00007fff9047e000 	C:\WINDOWS\System32\IMM32.DLL
0x00007fff8a450000 - 0x00007fff8a466000 	C:\Program Files\Java\jdk-11.0.2\bin\vcruntime140.dll
0x00007fff67ea0000 - 0x00007fff67f4a000 	C:\Program Files\Java\jdk-11.0.2\bin\msvcp140.dll
0x00007fff31540000 - 0x00007fff32067000 	C:\Program Files\Java\jdk-11.0.2\bin\server\jvm.dll
0x00007fff8fd30000 - 0x00007fff8fd38000 	C:\WINDOWS\System32\PSAPI.DLL
0x00007fff8a4a0000 - 0x00007fff8a4a9000 	C:\WINDOWS\SYSTEM32\WSOCK32.dll
0x00007fff8b800000 - 0x00007fff8b824000 	C:\WINDOWS\SYSTEM32\WINMM.dll
0x00007fff911a0000 - 0x00007fff9120f000 	C:\WINDOWS\System32\WS2_32.dll
0x00007fff8b7d0000 - 0x00007fff8b7fd000 	C:\WINDOWS\SYSTEM32\winmmbase.dll
0x00007fff8f560000 - 0x00007fff8f5aa000 	C:\WINDOWS\System32\cfgmgr32.dll
0x00007fff8ebc0000 - 0x00007fff8ebd1000 	C:\WINDOWS\System32\kernel.appcore.dll
0x00007fff8a370000 - 0x00007fff8a381000 	C:\Program Files\Java\jdk-11.0.2\bin\verify.dll
0x00007fff8d390000 - 0x00007fff8d584000 	C:\WINDOWS\SYSTEM32\DBGHELP.DLL
0x00007fff5ed10000 - 0x00007fff5ed3a000 	C:\WINDOWS\SYSTEM32\dbgcore.DLL
0x00007fff7d280000 - 0x00007fff7d2a9000 	C:\Program Files\Java\jdk-11.0.2\bin\java.dll
0x00007fff6a5b0000 - 0x00007fff6a5e7000 	C:\Program Files\Java\jdk-11.0.2\bin\jdwp.dll
0x00007fff6a930000 - 0x00007fff6a95f000 	C:\Program Files\Java\jdk-11.0.2\bin\instrument.dll
0x00007fff828d0000 - 0x00007fff828e6000 	C:\Program Files\Java\jdk-11.0.2\bin\zip.dll
0x00007fff7d390000 - 0x00007fff7d39a000 	C:\Program Files\Java\jdk-11.0.2\bin\jimage.dll
0x00007fff912e0000 - 0x00007fff919c7000 	C:\WINDOWS\System32\SHELL32.dll
0x00007fff90340000 - 0x00007fff903e9000 	C:\WINDOWS\System32\shcore.dll
0x00007fff8f5b0000 - 0x00007fff8fd30000 	C:\WINDOWS\System32\windows.storage.dll
0x00007fff8ebe0000 - 0x00007fff8ec03000 	C:\WINDOWS\System32\profapi.dll
0x00007fff8eb70000 - 0x00007fff8ebba000 	C:\WINDOWS\System32\powrprof.dll
0x00007fff8eb40000 - 0x00007fff8eb50000 	C:\WINDOWS\System32\UMPDC.dll
0x00007fff90b20000 - 0x00007fff90b72000 	C:\WINDOWS\System32\shlwapi.dll
0x00007fff8f3f0000 - 0x00007fff8f407000 	C:\WINDOWS\System32\cryptsp.dll
0x00007fff8a3a0000 - 0x00007fff8a3aa000 	C:\Program Files\Java\jdk-11.0.2\bin\dt_socket.dll
0x00007fff8e390000 - 0x00007fff8e3f7000 	C:\WINDOWS\System32\mswsock.dll
0x00007fff8e0e0000 - 0x00007fff8e1ab000 	C:\WINDOWS\SYSTEM32\DNSAPI.dll
0x00007fff912d0000 - 0x00007fff912d8000 	C:\WINDOWS\System32\NSI.dll
0x00007fff8e0a0000 - 0x00007fff8e0da000 	C:\WINDOWS\SYSTEM32\IPHLPAPI.DLL
0x00007fff7d7c0000 - 0x00007fff7d837000 	C:\WINDOWS\System32\fwpuclnt.dll
0x00007fff8ec10000 - 0x00007fff8ec36000 	C:\WINDOWS\System32\bcrypt.dll
0x00007fff7dbb0000 - 0x00007fff7dbba000 	C:\Windows\System32\rasadhlp.dll
0x00007fff72cd0000 - 0x00007fff72ce9000 	C:\Program Files\Java\jdk-11.0.2\bin\net.dll
0x00007fff88cb0000 - 0x00007fff88da0000 	C:\WINDOWS\SYSTEM32\WINHTTP.dll
0x00007fff79cc0000 - 0x00007fff79e96000 	C:\WINDOWS\SYSTEM32\urlmon.dll
0x00007fff7a030000 - 0x00007fff7a2d6000 	C:\WINDOWS\SYSTEM32\iertutil.dll
0x00007fff8e560000 - 0x00007fff8e56c000 	C:\WINDOWS\SYSTEM32\CRYPTBASE.DLL
0x00007fff72bb0000 - 0x00007fff72bc3000 	C:\Program Files\Java\jdk-11.0.2\bin\nio.dll
0x00007fff4f990000 - 0x00007fff4fb2f000 	C:\Program Files\Java\jdk-11.0.2\bin\awt.dll
0x00007fff90820000 - 0x00007fff908e5000 	C:\WINDOWS\System32\OLEAUT32.dll
0x00007fff8b210000 - 0x00007fff8b7d0000 	C:\WINDOWS\SYSTEM32\d2d1.dll
0x00007fff8c7f0000 - 0x00007fff8c87f000 	C:\WINDOWS\SYSTEM32\apphelp.dll
0x00007fff8c8f0000 - 0x00007fff8c989000 	C:\WINDOWS\system32\uxtheme.dll
0x00007fff90520000 - 0x00007fff90655000 	C:\WINDOWS\System32\MSCTF.dll
0x00007fff909c0000 - 0x00007fff90b17000 	C:\WINDOWS\System32\ole32.dll
0x00007fff8ce00000 - 0x00007fff8ce2d000 	C:\WINDOWS\system32\DWMAPI.DLL
0x00007fff68090000 - 0x00007fff68110000 	C:\Program Files\Java\jdk-11.0.2\bin\freetype.dll
0x00007fff68000000 - 0x00007fff6806f000 	C:\Program Files\Java\jdk-11.0.2\bin\fontmanager.dll
0x00007fff5e190000 - 0x00007fff5e2e6000 	C:\WINDOWS\system32\opengl32.dll
0x00007fff5e120000 - 0x00007fff5e14c000 	C:\WINDOWS\SYSTEM32\GLU32.dll
0x00007fff8d7c0000 - 0x00007fff8d7e0000 	C:\WINDOWS\SYSTEM32\dxcore.dll
0x00007fff8df00000 - 0x00007fff8df33000 	C:\WINDOWS\system32\rsaenh.dll
0x00007fff8ea60000 - 0x00007fff8ea85000 	C:\WINDOWS\SYSTEM32\USERENV.dll
0x00007fff80790000 - 0x00007fff807a6000 	C:\WINDOWS\SYSTEM32\dhcpcsvc6.DLL
0x00007fff80840000 - 0x00007fff8085c000 	C:\WINDOWS\SYSTEM32\dhcpcsvc.DLL
0x00007fff7b5f0000 - 0x00007fff7b68e000 	C:\WINDOWS\System32\TextInputFramework.dll
0x00007fff89e90000 - 0x00007fff8a1ba000 	C:\WINDOWS\System32\CoreUIComponents.dll
0x00007fff8c540000 - 0x00007fff8c614000 	C:\WINDOWS\System32\CoreMessaging.dll
0x00007fff8db70000 - 0x00007fff8dba1000 	C:\WINDOWS\SYSTEM32\ntmarta.dll
0x00007fff89c70000 - 0x00007fff89dc3000 	C:\WINDOWS\SYSTEM32\wintypes.dll
0x00007fff656f0000 - 0x00007fff65755000 	C:\WINDOWS\system32\Oleacc.dll

dbghelp: loaded successfully - version: 4.0.5 - missing functions: none
symbol engine: initialized successfully - sym options: 0x614 - pdb path: .;C:\Program Files\Java\jdk-11.0.2\bin;C:\WINDOWS\SYSTEM32;C:\WINDOWS\WinSxS\amd64_microsoft.windows.common-controls_6595b64144ccf1df_6.0.18362.1082_none_9e8193e1e45b25c1;C:\Program Files\Java\jdk-11.0.2\bin\server

VM Arguments:
jvm_args: -agentlib:jdwp=transport=dt_socket,suspend=y,address=localhost:63700 -javaagent:C:\Users\aaron\eclipse\java-photon\eclipse\configuration\org.eclipse.osgi\237\0\.cp\lib\javaagent-shaded.jar -Dfile.encoding=Cp1252 
java_command: tester/FibListTester test26.txt test27.txt test28.txt test29.txt test30.txt
java_class_path (initial): C:\Users\aaron\cos285\program1\bin;C:\Users\aaron\cos285\program1;C:\Users\aaron\cos285\program1\SongSearch.jar;C:\Users\aaron\cos285\program1\Scaffold.jar;C:\Users\aaron\cos285\program1\FibListTesterProg4.jar
Launcher Type: SUN_STANDARD

[Global flags]
     intx CICompilerCount                          = 4                                         {product} {ergonomic}
     uint ConcGCThreads                            = 2                                         {product} {ergonomic}
     uint G1ConcRefinementThreads                  = 8                                         {product} {ergonomic}
   size_t G1HeapRegionSize                         = 1048576                                   {product} {ergonomic}
    uintx GCDrainStackTargetSize                   = 64                                        {product} {ergonomic}
   size_t InitialHeapSize                          = 266338304                                 {product} {ergonomic}
   size_t MarkStackSize                            = 4194304                                   {product} {ergonomic}
   size_t MaxHeapSize                              = 4255121408                                {product} {ergonomic}
   size_t MaxNewSize                               = 2552233984                                {product} {ergonomic}
   size_t MinHeapDeltaBytes                        = 1048576                                   {product} {ergonomic}
    uintx NonNMethodCodeHeapSize                   = 5835340                                {pd product} {ergonomic}
    uintx NonProfiledCodeHeapSize                  = 122911450                              {pd product} {ergonomic}
    uintx ProfiledCodeHeapSize                     = 122911450                              {pd product} {ergonomic}
    uintx ReservedCodeCacheSize                    = 251658240                              {pd product} {ergonomic}
     bool SegmentedCodeCache                       = true                                      {product} {ergonomic}
     bool UseCompressedClassPointers               = true                                 {lp64_product} {ergonomic}
     bool UseCompressedOops                        = true                                 {lp64_product} {ergonomic}
     bool UseG1GC                                  = true                                      {product} {ergonomic}
     bool UseLargePagesIndividualAllocation        = false                                  {pd product} {ergonomic}

Logging:
Log output configuration:
 #0: stdout all=warning uptime,level,tags
 #1: stderr all=off uptime,level,tags

Environment Variables:
JAVA_HOME=C:\Program Files\Java\jdk-11.0.2
PATH=C:/Program Files/Java/jdk-11.0.2/bin/server;C:/Program Files/Java/jdk-11.0.2/bin;C:\WINDOWS\system32;C:\WINDOWS;C:\WINDOWS\System32\Wbem;C:\WINDOWS\System32\WindowsPowerShell\v1.0\;C:\WINDOWS\System32\OpenSSH\;C:\MinGW\bin;C:\Program Files\Git\cmd;C:\Program Files\PuTTY\;C:\Program Files\Java\jdk-11.0.2\bin;C:\Program Files\Java\jdk-11.0.2;C:\Users\aaron\AppData\Local\Programs\Microsoft VS Code\bin;C:\WINDOWS\system32;
USERNAME=aaron
OS=Windows_NT
PROCESSOR_IDENTIFIER=Intel64 Family 6 Model 142 Stepping 10, GenuineIntel



---------------  S Y S T E M  ---------------

OS: Windows 10 , 64 bit Build 18362 (10.0.18362.1082)

CPU:total 8 (initial active 8) (4 cores per cpu, 2 threads per core) family 6 model 142 stepping 10, cmov, cx8, fxsr, mmx, sse, sse2, sse3, ssse3, sse4.1, sse4.2, popcnt, avx, avx2, aes, clmul, erms, 3dnowpref, lzcnt, ht, tsc, tscinvbit, bmi1, bmi2, adx, fma

Memory: 4k page, system-wide physical 16225M (8889M free)
TotalPageFile size 18657M (AvailPageFile size 8627M)
current process WorkingSet (physical memory assigned to process): 110M, peak: 126M
current process commit charge ("private bytes"): 365M, peak: 386M

vm_info: Java HotSpot(TM) 64-Bit Server VM (11.0.2+9-LTS) for windows-amd64 JRE (11.0.2+9-LTS), built on Jan 18 2019 05:24:10 by "mach5one" with MS VC++ 15.5 (VS2017)

END.
